<?xml version="1.0" encoding="UTF-8"?>
<!-- Generated by org.testng.reporters.JUnitReportReporter -->
<testsuite skipped="0" hostname="DESKTOP-QK61G4J" name="udemy.Mavenjava.RestAPITest" tests="2" failures="0" timestamp="2021-06-23T22:35:22 IST" time="0.063" errors="0">
  <testcase name="SystemFriendly" time="0.020" classname="udemy.Mavenjava.RestAPITest"/>
  <system-out/>
  <testcase name="UserFriendly" time="0.043" classname="udemy.Mavenjava.RestAPITest"/>
  <system-out/>
</testsuite> <!-- udemy.Mavenjava.RestAPITest -->
