<?xml version="1.0" encoding="UTF-8"?>
<!-- Generated by org.testng.reporters.JUnitReportReporter -->
<testsuite skipped="0" hostname="DESKTOP-QK61G4J" name="udemy.Mavenjava.AppiumTest" tests="2" failures="0" timestamp="2021-06-24T18:42:33 IST" time="0.000" errors="0">
  <testcase name="MobileApplication" time="0.000" classname="udemy.Mavenjava.AppiumTest"/>
  <system-out/>
  <testcase name="Apps" time="0.000" classname="udemy.Mavenjava.AppiumTest"/>
  <system-out/>
</testsuite> <!-- udemy.Mavenjava.AppiumTest -->
