<?xml version="1.0" encoding="UTF-8"?>
<!-- Generated by org.testng.reporters.JUnitReportReporter -->
<testsuite skipped="0" hostname="DESKTOP-QK61G4J" name="udemy.Mavenjava.RestAPITest" tests="2" failures="0" timestamp="2021-06-24T18:42:55 IST" time="0.006" errors="0">
  <testcase name="UserFriendly" time="0.000" classname="udemy.Mavenjava.RestAPITest"/>
  <system-out/>
  <testcase name="SystemFriendly" time="0.006" classname="udemy.Mavenjava.RestAPITest"/>
  <system-out/>
</testsuite> <!-- udemy.Mavenjava.RestAPITest -->
