<?xml version="1.0" encoding="UTF-8"?>
<!-- Generated by org.testng.reporters.JUnitReportReporter -->
<testsuite skipped="0" hostname="DESKTOP-QK61G4J" name="udemy.Mavenjava.SeleniumTest" tests="2" failures="0" timestamp="2021-06-24T18:42:55 IST" time="0.001" errors="0">
  <testcase name="ElementsUI" time="0.000" classname="udemy.Mavenjava.SeleniumTest"/>
  <system-out/>
  <testcase name="BrowserAutomation" time="0.001" classname="udemy.Mavenjava.SeleniumTest"/>
  <system-out/>
</testsuite> <!-- udemy.Mavenjava.SeleniumTest -->
